#
# There is insufficient memory for the Java Runtime Environment to continue.
# Native memory allocation (malloc) failed to allocate 700416 bytes for Chunk::new
# Possible reasons:
#   The system is out of physical RAM or swap space
#   In 32 bit mode, the process size limit was hit
# Possible solutions:
#   Reduce memory load on the system
#   Increase physical memory or swap space
#   Check if swap backing store is full
#   Use 64 bit Java on a 64 bit OS
#   Decrease Java heap size (-Xmx/-Xms)
#   Decrease number of Java threads
#   Decrease Java thread stack sizes (-Xss)
#   Set larger code cache with -XX:ReservedCodeCacheSize=
# This output file may be truncated or incomplete.
#
#  Out of Memory Error (allocation.cpp:323), pid=12840, tid=14452
#
# JRE version: Java(TM) SE Runtime Environment (7.0_75-b13) (build 1.7.0_75-b13)
# Java VM: Java HotSpot(TM) 64-Bit Server VM (24.75-b04 mixed mode windows-amd64 compressed oops)
# Failed to write core dump. Minidumps are not enabled by default on client versions of Windows
#

---------------  T H R E A D  ---------------

Current thread (0x0000000008a8f800):  JavaThread "C2 CompilerThread0" daemon [_thread_in_native, id=14452, stack(0x0000000009fe0000,0x000000000a0e0000)]

Stack: [0x0000000009fe0000,0x000000000a0e0000]
[error occurred during error reporting (printing stack bounds), id 0xc0000005]


Current CompileTask:
C2:   9046  619             com.android.dx.cf.code.ConcreteMethod::<init> (262 bytes)


---------------  P R O C E S S  ---------------

Java Threads: ( => current thread )
  0x000000000a640000 JavaThread "pool-1-thread-4" [_thread_blocked, id=12972, stack(0x000000000ac10000,0x000000000ad10000)]
  0x000000000a63f000 JavaThread "pool-1-thread-3" [_thread_blocked, id=12900, stack(0x000000000ab10000,0x000000000ac10000)]
  0x000000000a63c800 JavaThread "pool-1-thread-2" [_thread_blocked, id=12844, stack(0x000000000aa10000,0x000000000ab10000)]
  0x000000000a637800 JavaThread "pool-2-thread-1" [_thread_blocked, id=704, stack(0x000000000a910000,0x000000000aa10000)]
  0x000000000a666800 JavaThread "pool-1-thread-1" [_thread_blocked, id=11592, stack(0x000000000a810000,0x000000000a910000)]
  0x0000000008aa0000 JavaThread "Service Thread" daemon [_thread_blocked, id=12284, stack(0x000000000a1e0000,0x000000000a2e0000)]
  0x0000000008a99800 JavaThread "C2 CompilerThread1" daemon [_thread_blocked, id=3000, stack(0x000000000a0e0000,0x000000000a1e0000)]
=>0x0000000008a8f800 JavaThread "C2 CompilerThread0" daemon [_thread_in_native, id=14452, stack(0x0000000009fe0000,0x000000000a0e0000)]
  0x0000000008a8f000 JavaThread "Attach Listener" daemon [_thread_blocked, id=6300, stack(0x0000000009ee0000,0x0000000009fe0000)]
  0x0000000008a8c000 JavaThread "Signal Dispatcher" daemon [_thread_blocked, id=14612, stack(0x0000000009de0000,0x0000000009ee0000)]
  0x0000000008a3f000 JavaThread "Finalizer" daemon [_thread_blocked, id=1072, stack(0x0000000009ce0000,0x0000000009de0000)]
  0x0000000008a36000 JavaThread "Reference Handler" daemon [_thread_blocked, id=13172, stack(0x0000000009be0000,0x0000000009ce0000)]
  0x0000000002abd800 JavaThread "main" [_thread_in_native, id=8908, stack(0x0000000002980000,0x0000000002a80000)]

Other Threads:
  0x0000000008a32000 VMThread [stack: 0x0000000009ae0000,0x0000000009be0000] [id=13796]
  0x0000000008aae800 WatcherThread [stack: 0x000000000a2e0000,0x000000000a3e0000] [id=3492]

VM state:not at safepoint (normal execution)

VM Mutex/Monitor currently owned by a thread: None

Heap
 PSYoungGen      total 144384K, used 88382K [0x00000000eaa80000, 0x00000000f4c80000, 0x0000000100000000)
  eden space 129024K, 57% used [0x00000000eaa80000,0x00000000ef37caa0,0x00000000f2880000)
  from space 15360K, 88% used [0x00000000f3980000,0x00000000f46d30c8,0x00000000f4880000)
  to   space 17408K, 0% used [0x00000000f2880000,0x00000000f2880000,0x00000000f3980000)
 ParOldGen       total 42496K, used 23812K [0x00000000c0000000, 0x00000000c2980000, 0x00000000eaa80000)
  object space 42496K, 56% used [0x00000000c0000000,0x00000000c1741008,0x00000000c2980000)
 PSPermGen       total 21504K, used 6100K [0x00000000bae00000, 0x00000000bc300000, 0x00000000c0000000)
  object space 21504K, 28% used [0x00000000bae00000,0x00000000bb3f5100,0x00000000bc300000)

Card table byte_map: [0x0000000005c80000,0x0000000005eb0000] byte_map_base: 0x00000000056a9000

Polling page: 0x0000000000de0000

Code Cache  [0x0000000002bc0000, 0x0000000002e70000, 0x0000000005bc0000)
 total_blobs=854 nmethods=615 adapters=191 free_code_cache=46491Kb largest_free_block=47545472

Compilation events (10 events):
Event: 8.970 Thread 0x0000000008a99800  616             com.android.dx.rop.cst.Constant::compareTo (33 bytes)
Event: 8.971 Thread 0x0000000008a99800 nmethod 616 0x0000000002e45a50 code [0x0000000002e45ba0, 0x0000000002e45db8]
Event: 8.981 Thread 0x0000000008a8f800  617             com.android.dx.rop.code.LocalItem::compareHandlesNulls (25 bytes)
Event: 8.982 Thread 0x0000000008a8f800 nmethod 617 0x0000000002e3ff50 code [0x0000000002e40080, 0x0000000002e40238]
Event: 9.014 Thread 0x0000000008a99800  618             com.android.dx.cf.code.ConcreteMethod::getCode (8 bytes)
Event: 9.015 Thread 0x0000000008a99800 nmethod 618 0x0000000002e45810 code [0x0000000002e45940, 0x0000000002e459b8]
Event: 9.016 Thread 0x0000000008a8f800  619             com.android.dx.cf.code.ConcreteMethod::<init> (262 bytes)
Event: 9.033 Thread 0x0000000008a99800  620             com.android.dx.dex.file.IndexedItem::<init> (10 bytes)
Event: 9.034 Thread 0x0000000008a99800 nmethod 620 0x0000000002e455d0 code [0x0000000002e45700, 0x0000000002e45758]
Event: 9.034 Thread 0x0000000008a99800  621             com.android.dx.ssa.MoveParamCombiner$1::visitNonMoveInsn (213 bytes)

GC Heap History (10 events):
Event: 1.993 GC heap before
{Heap before GC invocations=2 (full 0):
 PSYoungGen      total 18944K, used 18191K [0x00000000eaa80000, 0x00000000ecf80000, 0x0000000100000000)
  eden space 16384K, 100% used [0x00000000eaa80000,0x00000000eba80000,0x00000000eba80000)
  from space 2560K, 70% used [0x00000000eba80000,0x00000000ebc43c20,0x00000000ebd00000)
  to   space 2560K, 0% used [0x00000000ecd00000,0x00000000ecd00000,0x00000000ecf80000)
 ParOldGen       total 42496K, used 8K [0x00000000c0000000, 0x00000000c2980000, 0x00000000eaa80000)
  object space 42496K, 0% used [0x00000000c0000000,0x00000000c0002000,0x00000000c2980000)
 PSPermGen       total 21504K, used 5796K [0x00000000bae00000, 0x00000000bc300000, 0x00000000c0000000)
  object space 21504K, 26% used [0x00000000bae00000,0x00000000bb3a9070,0x00000000bc300000)
Event: 2.348 GC heap after
Heap after GC invocations=2 (full 0):
 PSYoungGen      total 35328K, used 2559K [0x00000000eaa80000, 0x00000000ecf80000, 0x0000000100000000)
  eden space 32768K, 0% used [0x00000000eaa80000,0x00000000eaa80000,0x00000000eca80000)
  from space 2560K, 99% used [0x00000000ecd00000,0x00000000ecf7fdd8,0x00000000ecf80000)
  to   space 2560K, 0% used [0x00000000eca80000,0x00000000eca80000,0x00000000ecd00000)
 ParOldGen       total 42496K, used 2267K [0x00000000c0000000, 0x00000000c2980000, 0x00000000eaa80000)
  object space 42496K, 5% used [0x00000000c0000000,0x00000000c0236e38,0x00000000c2980000)
 PSPermGen       total 21504K, used 5796K [0x00000000bae00000, 0x00000000bc300000, 0x00000000c0000000)
  object space 21504K, 26% used [0x00000000bae00000,0x00000000bb3a9070,0x00000000bc300000)
}
Event: 4.704 GC heap before
{Heap before GC invocations=3 (full 0):
 PSYoungGen      total 35328K, used 35327K [0x00000000eaa80000, 0x00000000ecf80000, 0x0000000100000000)
  eden space 32768K, 100% used [0x00000000eaa80000,0x00000000eca80000,0x00000000eca80000)
  from space 2560K, 99% used [0x00000000ecd00000,0x00000000ecf7fdd8,0x00000000ecf80000)
  to   space 2560K, 0% used [0x00000000eca80000,0x00000000eca80000,0x00000000ecd00000)
 ParOldGen       total 42496K, used 2267K [0x00000000c0000000, 0x00000000c2980000, 0x00000000eaa80000)
  object space 42496K, 5% used [0x00000000c0000000,0x00000000c0236e38,0x00000000c2980000)
 PSPermGen       total 21504K, used 5953K [0x00000000bae00000, 0x00000000bc300000, 0x00000000c0000000)
  object space 21504K, 27% used [0x00000000bae00000,0x00000000bb3d0508,0x00000000bc300000)
Event: 4.954 GC heap after
Heap after GC invocations=3 (full 0):
 PSYoungGen      total 35328K, used 2551K [0x00000000eaa80000, 0x00000000eef80000, 0x0000000100000000)
  eden space 32768K, 0% used [0x00000000eaa80000,0x00000000eaa80000,0x00000000eca80000)
  from space 2560K, 99% used [0x00000000eca80000,0x00000000eccfdee8,0x00000000ecd00000)
  to   space 2560K, 0% used [0x00000000eed00000,0x00000000eed00000,0x00000000eef80000)
 ParOldGen       total 42496K, used 8254K [0x00000000c0000000, 0x00000000c2980000, 0x00000000eaa80000)
  object space 42496K, 19% used [0x00000000c0000000,0x00000000c080f848,0x00000000c2980000)
 PSPermGen       total 21504K, used 5953K [0x00000000bae00000, 0x00000000bc300000, 0x00000000c0000000)
  object space 21504K, 27% used [0x00000000bae00000,0x00000000bb3d0508,0x00000000bc300000)
}
Event: 6.887 GC heap before
{Heap before GC invocations=4 (full 0):
 PSYoungGen      total 35328K, used 35319K [0x00000000eaa80000, 0x00000000eef80000, 0x0000000100000000)
  eden space 32768K, 100% used [0x00000000eaa80000,0x00000000eca80000,0x00000000eca80000)
  from space 2560K, 99% used [0x00000000eca80000,0x00000000eccfdee8,0x00000000ecd00000)
  to   space 2560K, 0% used [0x00000000eed00000,0x00000000eed00000,0x00000000eef80000)
 ParOldGen       total 42496K, used 8254K [0x00000000c0000000, 0x00000000c2980000, 0x00000000eaa80000)
  object space 42496K, 19% used [0x00000000c0000000,0x00000000c080f848,0x00000000c2980000)
 PSPermGen       total 21504K, used 5982K [0x00000000bae00000, 0x00000000bc300000, 0x00000000c0000000)
  object space 21504K, 27% used [0x00000000bae00000,0x00000000bb3d7bd8,0x00000000bc300000)
Event: 7.067 GC heap after
Heap after GC invocations=4 (full 0):
 PSYoungGen      total 68096K, used 2535K [0x00000000eaa80000, 0x00000000eef80000, 0x0000000100000000)
  eden space 65536K, 0% used [0x00000000eaa80000,0x00000000eaa80000,0x00000000eea80000)
  from space 2560K, 99% used [0x00000000eed00000,0x00000000eef79eb0,0x00000000eef80000)
  to   space 2560K, 0% used [0x00000000eea80000,0x00000000eea80000,0x00000000eed00000)
 ParOldGen       total 42496K, used 12688K [0x00000000c0000000, 0x00000000c2980000, 0x00000000eaa80000)
  object space 42496K, 29% used [0x00000000c0000000,0x00000000c0c64050,0x00000000c2980000)
 PSPermGen       total 21504K, used 5982K [0x00000000bae00000, 0x00000000bc300000, 0x00000000c0000000)
  object space 21504K, 27% used [0x00000000bae00000,0x00000000bb3d7bd8,0x00000000bc300000)
}
Event: 7.806 GC heap before
{Heap before GC invocations=5 (full 0):
 PSYoungGen      total 68096K, used 68071K [0x00000000eaa80000, 0x00000000eef80000, 0x0000000100000000)
  eden space 65536K, 100% used [0x00000000eaa80000,0x00000000eea80000,0x00000000eea80000)
  from space 2560K, 99% used [0x00000000eed00000,0x00000000eef79eb0,0x00000000eef80000)
  to   space 2560K, 0% used [0x00000000eea80000,0x00000000eea80000,0x00000000eed00000)
 ParOldGen       total 42496K, used 12688K [0x00000000c0000000, 0x00000000c2980000, 0x00000000eaa80000)
  object space 42496K, 29% used [0x00000000c0000000,0x00000000c0c64050,0x00000000c2980000)
 PSPermGen       total 21504K, used 6027K [0x00000000bae00000, 0x00000000bc300000, 0x00000000c0000000)
  object space 21504K, 28% used [0x00000000bae00000,0x00000000bb3e2cd0,0x00000000bc300000)
Event: 7.933 GC heap after
Heap after GC invocations=5 (full 0):
 PSYoungGen      total 68096K, used 2533K [0x00000000eaa80000, 0x00000000f4880000, 0x0000000100000000)
  eden space 65536K, 0% used [0x00000000eaa80000,0x00000000eaa80000,0x00000000eea80000)
  from space 2560K, 98% used [0x00000000eea80000,0x00000000eecf9578,0x00000000eed00000)
  to   space 15360K, 0% used [0x00000000f3980000,0x00000000f3980000,0x00000000f4880000)
 ParOldGen       total 42496K, used 23812K [0x00000000c0000000, 0x00000000c2980000, 0x00000000eaa80000)
  object space 42496K, 56% used [0x00000000c0000000,0x00000000c1741008,0x00000000c2980000)
 PSPermGen       total 21504K, used 6027K [0x00000000bae00000, 0x00000000bc300000, 0x00000000c0000000)
  object space 21504K, 28% used [0x00000000bae00000,0x00000000bb3e2cd0,0x00000000bc300000)
}
Event: 8.425 GC heap before
{Heap before GC invocations=6 (full 0):
 PSYoungGen      total 68096K, used 68069K [0x00000000eaa80000, 0x00000000f4880000, 0x0000000100000000)
  eden space 65536K, 100% used [0x00000000eaa80000,0x00000000eea80000,0x00000000eea80000)
  from space 2560K, 98% used [0x00000000eea80000,0x00000000eecf9578,0x00000000eed00000)
  to   space 15360K, 0% used [0x00000000f3980000,0x00000000f3980000,0x00000000f4880000)
 ParOldGen       total 42496K, used 23812K [0x00000000c0000000, 0x00000000c2980000, 0x00000000eaa80000)
  object space 42496K, 56% used [0x00000000c0000000,0x00000000c1741008,0x00000000c2980000)
 PSPermGen       total 21504K, used 6066K [0x00000000bae00000, 0x00000000bc300000, 0x00000000c0000000)
  object space 21504K, 28% used [0x00000000bae00000,0x00000000bb3ecbb0,0x00000000bc300000)
Event: 8.520 GC heap after
Heap after GC invocations=6 (full 0):
 PSYoungGen      total 144384K, used 13644K [0x00000000eaa80000, 0x00000000f4c80000, 0x0000000100000000)
  eden space 129024K, 0% used [0x00000000eaa80000,0x00000000eaa80000,0x00000000f2880000)
  from space 15360K, 88% used [0x00000000f3980000,0x00000000f46d30c8,0x00000000f4880000)
  to   space 17408K, 0% used [0x00000000f2880000,0x00000000f2880000,0x00000000f3980000)
 ParOldGen       total 42496K, used 23812K [0x00000000c0000000, 0x00000000c2980000, 0x00000000eaa80000)
  object space 42496K, 56% used [0x00000000c0000000,0x00000000c1741008,0x00000000c2980000)
 PSPermGen       total 21504K, used 6066K [0x00000000bae00000, 0x00000000bc300000, 0x00000000c0000000)
  object space 21504K, 28% used [0x00000000bae00000,0x00000000bb3ecbb0,0x00000000bc300000)
}

Deoptimization events (10 events):
Event: 8.246 Thread 0x000000000a63f000 Uncommon trap: reason=unreached action=reinterpret pc=0x0000000002d59a68 method=com.android.dx.rop.code.LocalItem.compareHandlesNulls(Lcom/android/dx/rop/cst/CstString;Lcom/android/dx/rop/cst/CstString;)I @ 14
Event: 8.259 Thread 0x000000000a63c800 Uncommon trap: reason=unreached action=reinterpret pc=0x0000000002d17d8c method=com.android.dx.rop.code.LocalItem.compareHandlesNulls(Lcom/android/dx/rop/cst/CstString;Lcom/android/dx/rop/cst/CstString;)I @ 14
Event: 8.536 Thread 0x000000000a640000 Uncommon trap: reason=class_check action=maybe_recompile pc=0x0000000002dc62e0 method=com.android.dx.ssa.back.FirstFitLocalCombiningAllocator.findNextUnreservedRopReg(IILcom/android/dx/ssa/back/FirstFitLocalCombiningAllocator$Alignment;)I @ 60
Event: 8.536 Thread 0x000000000a640000 Uncommon trap: reason=class_check action=maybe_recompile pc=0x0000000002dc62e0 method=com.android.dx.ssa.back.FirstFitLocalCombiningAllocator.findNextUnreservedRopReg(IILcom/android/dx/ssa/back/FirstFitLocalCombiningAllocator$Alignment;)I @ 60
Event: 8.536 Thread 0x000000000a640000 Uncommon trap: reason=class_check action=maybe_recompile pc=0x0000000002dc62e0 method=com.android.dx.ssa.back.FirstFitLocalCombiningAllocator.findNextUnreservedRopReg(IILcom/android/dx/ssa/back/FirstFitLocalCombiningAllocator$Alignment;)I @ 60
Event: 8.674 Thread 0x000000000a63c800 Uncommon trap: reason=bimorphic action=maybe_recompile pc=0x0000000002e32eb8 method=com.android.dx.cf.code.BytecodeArray.parseInstruction(ILcom/android/dx/cf/code/BytecodeArray$Visitor;)I @ 1161
Event: 8.674 Thread 0x000000000a63c800 Uncommon trap: reason=bimorphic action=maybe_recompile pc=0x0000000002e32eb8 method=com.android.dx.cf.code.BytecodeArray.parseInstruction(ILcom/android/dx/cf/code/BytecodeArray$Visitor;)I @ 1161
Event: 8.828 Thread 0x000000000a666800 Uncommon trap: reason=unreached action=reinterpret pc=0x0000000002ce27ec method=com.android.dx.ssa.MoveParamCombiner$1.visitNonMoveInsn(Lcom/android/dx/ssa/NormalSsaInsn;)V @ 27
Event: 8.881 Thread 0x000000000a640000 Uncommon trap: reason=bimorphic action=maybe_recompile pc=0x0000000002cfcf9c method=com.android.dx.ssa.LiteralOpUpgrader.tryReplacingWithConstant(Lcom/android/dx/ssa/NormalSsaInsn;)Z @ 62
Event: 8.961 Thread 0x000000000a640000 Uncommon trap: reason=bimorphic action=maybe_recompile pc=0x0000000002cfcf9c method=com.android.dx.ssa.LiteralOpUpgrader.tryReplacingWithConstant(Lcom/android/dx/ssa/NormalSsaInsn;)Z @ 62

Internal exceptions (10 events):
Event: 2.529 Thread 0x000000000a640000 Threw 0x00000000eadd25f8 at C:\re\jdk7u75\1940\hotspot\src\share\vm\prims\jvm.cpp:1281
Event: 3.101 Thread 0x0000000002abd800 Implicit null exception at 0x0000000002c6feef to 0x0000000002c705d9
Event: 5.095 Thread 0x000000000a63f000 Implicit null exception at 0x0000000002c7d320 to 0x0000000002c7e7a5
Event: 6.408 Thread 0x000000000a63f000 Threw 0x00000000ec7ad098 at C:\re\jdk7u75\1940\hotspot\src\share\vm\prims\jvm.cpp:1281
Event: 7.091 Thread 0x0000000002abd800 Threw 0x00000000eab3e470 at C:\re\jdk7u75\1940\hotspot\src\share\vm\prims\jvm.cpp:1281
Event: 7.099 Thread 0x000000000a63c800 Threw 0x00000000eb11cc40 at C:\re\jdk7u75\1940\hotspot\src\share\vm\prims\jvm.cpp:1281
Event: 8.225 Thread 0x0000000002abd800 Threw 0x00000000ec97e7c0 at C:\re\jdk7u75\1940\hotspot\src\share\vm\prims\jvm.cpp:1281
Event: 8.246 Thread 0x000000000a63f000 Implicit null exception at 0x0000000002db387c to 0x0000000002db3b7d
Event: 8.246 Thread 0x000000000a63f000 Implicit null exception at 0x0000000002d59768 to 0x0000000002d59a55
Event: 8.259 Thread 0x000000000a63c800 Implicit null exception at 0x0000000002d17c1c to 0x0000000002d17d79

Events (10 events):
Event: 8.674 Thread 0x000000000a63c800 DEOPT UNPACKING pc=0x0000000002bf75a4 sp=0x000000000ab0e598 mode 2
Event: 8.828 Thread 0x000000000a666800 Uncommon trap: trap_request=0xffffffad fr.pc=0x0000000002ce27ec
Event: 8.829 Thread 0x000000000a666800 DEOPT PACKING pc=0x0000000002ce27ec sp=0x000000000a90ea30
Event: 8.829 Thread 0x000000000a666800 DEOPT UNPACKING pc=0x0000000002bf75a4 sp=0x000000000a90e988 mode 2
Event: 8.881 Thread 0x000000000a640000 Uncommon trap: trap_request=0xffffffc6 fr.pc=0x0000000002cfcf9c
Event: 8.881 Thread 0x000000000a640000 DEOPT PACKING pc=0x0000000002cfcf9c sp=0x000000000ad0eb20
Event: 8.881 Thread 0x000000000a640000 DEOPT UNPACKING pc=0x0000000002bf75a4 sp=0x000000000ad0ea40 mode 2
Event: 8.961 Thread 0x000000000a640000 Uncommon trap: trap_request=0xffffffc6 fr.pc=0x0000000002cfcf9c
Event: 8.961 Thread 0x000000000a640000 DEOPT PACKING pc=0x0000000002cfcf9c sp=0x000000000ad0ea90
Event: 8.961 Thread 0x000000000a640000 DEOPT UNPACKING pc=0x0000000002bf75a4 sp=0x000000000ad0e9b0 mode 2


Dynamic libraries:
0x00007ff6f95e0000 - 0x00007ff6f9613000 	C:\Program Files\Java\jdk1.7.0_75\bin\java.exe
0x00007ff954d60000 - 0x00007ff954f0c000 	C:\Windows\SYSTEM32\ntdll.dll
0x00007ff954a50000 - 0x00007ff954b8e000 	C:\Windows\system32\KERNEL32.DLL
0x00007ff9520e0000 - 0x00007ff9521f5000 	C:\Windows\system32\KERNELBASE.dll
0x00007ff950a50000 - 0x00007ff950ade000 	C:\Windows\system32\apphelp.dll
0x00007ff9290a0000 - 0x00007ff9290f3000 	C:\Windows\AppPatch\AppPatch64\AcGenral.DLL
0x00007ff954ca0000 - 0x00007ff954d4a000 	C:\Windows\system32\msvcrt.dll
0x00007ff951d50000 - 0x00007ff951d7e000 	C:\Windows\SYSTEM32\SspiCli.dll
0x00007ff9529d0000 - 0x00007ff952a24000 	C:\Windows\system32\SHLWAPI.dll
0x00007ff952a30000 - 0x00007ff952ba7000 	C:\Windows\system32\USER32.dll
0x00007ff952bc0000 - 0x00007ff952d54000 	C:\Windows\system32\ole32.dll
0x00007ff953130000 - 0x00007ff95465b000 	C:\Windows\system32\SHELL32.dll
0x00007ff951550000 - 0x00007ff951571000 	C:\Windows\SYSTEM32\USERENV.dll
0x00007ff954b90000 - 0x00007ff954c3a000 	C:\Windows\system32\ADVAPI32.dll
0x00007ff9484e0000 - 0x00007ff9484fe000 	C:\Windows\SYSTEM32\MPR.dll
0x00007ff952fe0000 - 0x00007ff953121000 	C:\Windows\system32\RPCRT4.dll
0x00007ff952960000 - 0x00007ff9529b9000 	C:\Windows\SYSTEM32\sechost.dll
0x00007ff952590000 - 0x00007ff9527a1000 	C:\Windows\SYSTEM32\combase.dll
0x00007ff952e30000 - 0x00007ff952f7f000 	C:\Windows\system32\GDI32.dll
0x00007ff951eb0000 - 0x00007ff951ec5000 	C:\Windows\SYSTEM32\profapi.dll
0x00007ff950400000 - 0x00007ff9504b2000 	C:\Windows\SYSTEM32\SHCORE.dll
0x00007ff954840000 - 0x00007ff954876000 	C:\Windows\system32\IMM32.DLL
0x00007ff954880000 - 0x00007ff9549d2000 	C:\Windows\system32\MSCTF.dll
0x00007ff94ff80000 - 0x00007ff9501fb000 	C:\Windows\WinSxS\amd64_microsoft.windows.common-controls_6595b64144ccf1df_6.0.9600.18006_none_623f33d3ecbe86e8\COMCTL32.dll
0x0000000057450000 - 0x0000000057522000 	C:\Program Files\Java\jdk1.7.0_75\jre\bin\msvcr100.dll
0x0000000057c90000 - 0x0000000058464000 	C:\Program Files\Java\jdk1.7.0_75\jre\bin\server\jvm.dll
0x00007ff9493f0000 - 0x00007ff9493f9000 	C:\Windows\SYSTEM32\WSOCK32.dll
0x00007ff94f910000 - 0x00007ff94f932000 	C:\Windows\SYSTEM32\WINMM.dll
0x00007ff954d50000 - 0x00007ff954d57000 	C:\Windows\system32\PSAPI.DLL
0x00007ff952f80000 - 0x00007ff952fda000 	C:\Windows\system32\WS2_32.dll
0x00007ff94f770000 - 0x00007ff94f79a000 	C:\Windows\SYSTEM32\WINMMBASE.dll
0x00007ff952bb0000 - 0x00007ff952bb9000 	C:\Windows\system32\NSI.dll
0x00007ff952030000 - 0x00007ff95207f000 	C:\Windows\SYSTEM32\cfgmgr32.dll
0x00007ff950cb0000 - 0x00007ff950cd8000 	C:\Windows\SYSTEM32\DEVOBJ.dll
0x0000000059fa0000 - 0x0000000059faf000 	C:\Program Files\Java\jdk1.7.0_75\jre\bin\verify.dll
0x0000000057c60000 - 0x0000000057c88000 	C:\Program Files\Java\jdk1.7.0_75\jre\bin\java.dll
0x0000000059f80000 - 0x0000000059f95000 	C:\Program Files\Java\jdk1.7.0_75\jre\bin\zip.dll
0x0000000057c40000 - 0x0000000057c59000 	C:\Program Files\Java\jdk1.7.0_75\jre\bin\net.dll
0x00007ff951890000 - 0x00007ff9518e9000 	C:\Windows\system32\mswsock.dll
0x0000000057c20000 - 0x0000000057c31000 	C:\Program Files\Java\jdk1.7.0_75\jre\bin\nio.dll

VM Arguments:
jvm_args: -Xmx1024M -Dfile.encoding=x-windows-949 -Duser.country=KR -Duser.language=ko -Duser.variant 
java_command: com.android.dx.command.Main --dex --num-threads=4 --output C:\Users\Beomsu\AndroidStudioProjects\Shafe\app\build\intermediates\pre-dexed\debug\classes-0f0e5d8fb6ed7e382a38ed0c5e0ab21b5ca7cc55.jar C:\Users\Beomsu\AndroidStudioProjects\Shafe\app\build\intermediates\exploded-aar\com.android.support\support-v4\23.1.1\jars\classes.jar
Launcher Type: SUN_STANDARD

Environment Variables:
PATH=C:\Program Files\NVIDIA GPU Computing Toolkit\CUDA\v7.5\bin;C:\Program Files\NVIDIA GPU Computing Toolkit\CUDA\v7.5\libnvvp;C:\Python27\;C:\Python27\Scripts;c:\Program Files (x86)\Intel\iCLS Client\;c:\Program Files\Intel\iCLS Client\;C:\Windows\system32;C:\Windows;C:\Windows\System32\Wbem;C:\Windows\System32\WindowsPowerShell\v1.0\;C:\Program Files\Intel\Intel(R) Management Engine Components\DAL;C:\Program Files\Intel\Intel(R) Management Engine Components\IPT;C:\Program Files (x86)\Intel\Intel(R) Management Engine Components\DAL;C:\Program Files (x86)\Intel\Intel(R) Management Engine Components\IPT;C:\Program Files (x86)\Windows Kits\8.1\Windows Performance Toolkit\;C:\Program Files\Microsoft SQL Server\110\Tools\Binn\;C:\Program Files (x86)\Microsoft SDKs\TypeScript\1.0\;C:\Program Files\Microsoft SQL Server\120\Tools\Binn\;C:\Program Files\Java\jdk1.7.0_75\bin;D:\MATLAB\runtime\win64;D:\MATLAB\bin;C:\Program Files (x86)\Windows Live\Shared;C:\Program Files (x86)\NVIDIA Corporation\PhysX\Common;C:\TDM-GCC-64\bin;C:\Program Files (x86)\Microsoft Visual Studio 12.0\VC\bin;C:\Program Files (x86)\MySQL\MySQL Fabric 1.5 & MySQL Utilities 1.5\;C:\Program Files (x86)\MySQL\MySQL Fabric 1.5 & MySQL Utilities 1.5\Doctrine extensions for PHP\;C:\MinGW\bin;C:\Users\Beomsu\AppData\Local\Enthought\Canopy\User;C:\Users\Beomsu\AppData\Local\Enthought\Canopy\User\Scripts
USERNAME=Beomsu
OS=Windows_NT
PROCESSOR_IDENTIFIER=Intel64 Family 6 Model 60 Stepping 3, GenuineIntel



---------------  S Y S T E M  ---------------

OS: Windows 8.1 , 64 bit Build 9600 

CPU:total 4 (2 cores per cpu, 2 threads per core) family 6 model 60 stepping 3, cmov, cx8, fxsr, mmx, sse, sse2, sse3, ssse3, sse4.1, sse4.2, popcnt, avx, avx2, aes, erms, ht, tsc, tscinvbit

Memory: 4k page, physical 4112840k(426192k free), swap 7258568k(5620k free)

vm_info: Java HotSpot(TM) 64-Bit Server VM (24.75-b04) for windows-amd64 JRE (1.7.0_75-b13), built on Dec 18 2014 17:15:01 by "java_re" with unknown MS VC++:1600

time: Mon Feb 08 21:08:23 2016
elapsed time: 9 seconds

